#
# A fatal error has been detected by the Java Runtime Environment:
#
#  SIGSEGV (0xb) at pc=0x0000000102925d10, pid=83234, tid=16899
#
# JRE version: Java(TM) SE Runtime Environment (8.0_45-b14) (build 1.8.0_45-b14)
# Java VM: Java HotSpot(TM) 64-Bit Server VM (25.45-b02 mixed mode bsd-amd64 compressed oops)
# Problematic frame:
# V  [libjvm.dylib+0x432d10]  Method::checked_resolve_jmethod_id(_jmethodID*)+0xe
#
# Failed to write core dump. Core dumps have been disabled. To enable core dumping, try "ulimit -c unlimited" before starting Java again
#
# If you would like to submit a bug report, please visit:
#   http://bugreport.java.com/bugreport/crash.jsp
#

---------------  T H R E A D  ---------------

Current thread (0x00007fc2fd01b800):  JavaThread "JDWP Transport Listener: dt_socket" daemon [_thread_in_vm, id=16899, stack(0x0000700000ab8000,0x0000700000bb8000)]

siginfo: si_signo: 11 (SIGSEGV), si_code: 0 (unknown), si_addr: 0x0000000000000000

Registers:
RAX=0x0000000000000001, RBX=0x0000700000bb7a8b, RCX=0x0000000102ced190, RDX=0x0000700000bb7a8b
RSP=0x0000700000bb79d0, RBP=0x0000700000bb79e0, RSI=0x00007fc2fd01b800, RDI=0x2f6c717261700003
R8 =0x0000000000000000, R9 =0x00007fc2fd953610, R10=0x000000004ced0656, R11=0x00007fc2fd900000
R12=0x00007fc2fd01b800, R13=0x2f6c717261700003, R14=0x2f6c717261700003, R15=0x00007fc2fb40a190
RIP=0x0000000102925d10, EFLAGS=0x0000000000010206, ERR=0x0000000000000000
  TRAPNO=0x000000000000000d

Top of Stack: (sp=0x0000700000bb79d0)
0x0000700000bb79d0:   0000700000bb7a8b 0000700000bb7a8b
0x0000700000bb79e0:   0000700000bb7a40 00000001028360d6
0x0000700000bb79f0:   00007fc2fd01b800 0000000000000000
0x0000700000bb7a00:   0000000000000000 0000000000000000
0x0000700000bb7a10:   00007fc2fd01b800 00007fc2fd01b800
0x0000700000bb7a20:   0000700000bb7a8b 0000700000bb7a90
0x0000700000bb7a30:   2f6c717261700003 0000000000000002
0x0000700000bb7a40:   0000700000bb7a60 00000001034c4780
0x0000700000bb7a50:   0000000000000001 0000700000bb7b08
0x0000700000bb7a60:   0000700000bb7ad0 00000001034a91f3
0x0000700000bb7a70:   0000700000bb7aa0 00007fc2fd9535f0
0x0000700000bb7a80:   0000000300000032 0000000900bb7b08
0x0000700000bb7a90:   0000000000000000 0000000000000000
0x0000700000bb7aa0:   0000000000000000 0000700000bb7c90
0x0000700000bb7ab0:   00000001034cbe7a 00007fc2fb6376b0
0x0000700000bb7ac0:   0000700000bb7b08 00000001034d7598
0x0000700000bb7ad0:   0000700000bb7ae0 00000001034a92ec
0x0000700000bb7ae0:   0000700000bb7d00 00000001034b2898
0x0000700000bb7af0:   0000722800000013 00000000000f0200
0x0000700000bb7b00:   00007fc2fb681170 0000700000bb7baf
0x0000700000bb7b10:   00007fc2000000d5 0000700000bb7b20
0x0000700000bb7b20:   0000000000000057 0000700000bb7b58
0x0000700000bb7b30:   0000000000000000 0000000000000000
0x0000700000bb7b40:   000072280000001c 00007fff00005c80
0x0000700000bb7b50:   0000700000bb7b58 c27f000003000000
0x0000700000bb7b60:   06000000508851fb 00003e74696e693c
0x0000700000bb7b70:   0000005629280300 7f00000100000000
0x0000700000bb7b80:   000000588851fbc2 0000006e69616d04
0x0000700000bb7b90:   6176616a4c5b2816 74532f676e616c2f
0x0000700000bb7ba0:   0056293b676e6972 6109000000000000
0x0000700000bb7bb0:   6e697274532f676e 0000000000003b67
0x0000700000bb7bc0:   0000000000001900 7571050000008200 

Instructions: (pc=0x0000000102925d10)
0x0000000102925cf0:   40 48 48 85 c0 75 e0 30 c0 0f b6 c0 5d c3 31 c0
0x0000000102925d00:   5d c3 55 48 89 e5 53 48 83 ec 08 48 85 ff 74 24
0x0000000102925d10:   48 8b 1f 48 85 db 74 1c 48 83 fb 37 74 16 48 8b
0x0000000102925d20:   03 48 89 df ff 50 10 84 c0 b8 00 00 00 00 48 0f 

Register to memory mapping:

RAX=0x0000000000000001 is an unknown value
RBX=0x0000700000bb7a8b is pointing into the stack for thread: 0x00007fc2fd01b800
RCX=0x0000000102ced190: UseMembar+0 in /Library/Java/JavaVirtualMachines/jdk1.8.0_45.jdk/Contents/Home/jre/lib/server/libjvm.dylib at 0x00000001024f3000
RDX=0x0000700000bb7a8b is pointing into the stack for thread: 0x00007fc2fd01b800
RSP=0x0000700000bb79d0 is pointing into the stack for thread: 0x00007fc2fd01b800
RBP=0x0000700000bb79e0 is pointing into the stack for thread: 0x00007fc2fd01b800
RSI=0x00007fc2fd01b800 is a thread
RDI=0x2f6c717261700003 is an unknown value
R8 =0x0000000000000000 is an unknown value
R9 =0x00007fc2fd953610 is an unknown value
R10=0x000000004ced0656 is an unknown value
R11=0x00007fc2fd900000 is an unknown value
R12=0x00007fc2fd01b800 is a thread
R13=0x2f6c717261700003 is an unknown value
R14=0x2f6c717261700003 is an unknown value
R15=0x00007fc2fb40a190 is an unknown value


Stack: [0x0000700000ab8000,0x0000700000bb8000],  sp=0x0000700000bb79d0,  free space=1022k
Native frames: (J=compiled Java code, j=interpreted, Vv=VM code, C=native code)
V  [libjvm.dylib+0x432d10]  Method::checked_resolve_jmethod_id(_jmethodID*)+0xe
V  [libjvm.dylib+0x3430d6]  jvmti_IsMethodSynthetic+0xb2
C  [libjdwp.dylib+0x20780]  isMethodSynthetic+0x63
C  [libjdwp.dylib+0x51f3]  methods1+0x10b
C  [libjdwp.dylib+0x52ec]  methodsWithGeneric+0xe
C  [libjdwp.dylib+0xe898]  debugLoop_run+0x1ce
C  [libjdwp.dylib+0x1f6ba]  attachThread+0x4d
V  [libjvm.dylib+0x38401c]  JvmtiAgentThread::call_start_function()+0x38
V  [libjvm.dylib+0x549acf]  JavaThread::thread_main_inner()+0x9b
V  [libjvm.dylib+0x54b1c0]  JavaThread::run()+0x1c2
V  [libjvm.dylib+0x46ea7e]  java_start(Thread*)+0xf6
C  [libsystem_pthread.dylib+0x399d]  _pthread_body+0x83
C  [libsystem_pthread.dylib+0x391a]  _pthread_body+0x0
C  [libsystem_pthread.dylib+0x1351]  thread_start+0xd
C  0x0000000000000000


---------------  P R O C E S S  ---------------

Java Threads: ( => current thread )
  0x00007fc2fd1d8800 JavaThread "qtp1015799131-21" [_thread_blocked, id=23555, stack(0x00007000019e5000,0x0000700001ae5000)]
  0x00007fc2fbab5000 JavaThread "qtp1015799131-20" [_thread_blocked, id=23043, stack(0x00007000018e2000,0x00007000019e2000)]
  0x00007fc2fba6b800 JavaThread "qtp1015799131-19" [_thread_blocked, id=22531, stack(0x00007000017df000,0x00007000018df000)]
  0x00007fc2fc373800 JavaThread "qtp1015799131-18" [_thread_blocked, id=22019, stack(0x00007000016dc000,0x00007000017dc000)]
  0x00007fc2fba66800 JavaThread "qtp1015799131-17" [_thread_blocked, id=21507, stack(0x00007000015d9000,0x00007000016d9000)]
  0x00007fc2fca95000 JavaThread "qtp1015799131-16-acceptor-0@a68df9-ServerConnector@13c612bd{HTTP/1.1,[http/1.1]}{localhost:3330}" [_thread_in_native, id=20995, stack(0x00007000014d6000,0x00007000015d6000)]
  0x00007fc2fca94800 JavaThread "qtp1015799131-15" [_thread_in_native, id=5127, stack(0x00007000013d3000,0x00007000014d3000)]
  0x00007fc2fd1db800 JavaThread "qtp1015799131-14" [_thread_in_native, id=13579, stack(0x00007000012d0000,0x00007000013d0000)]
  0x00007fc2fd01c000 JavaThread "Service Thread" daemon [_thread_blocked, id=19971, stack(0x00007000010ca000,0x00007000011ca000)]
  0x00007fc2fb82a800 JavaThread "C1 CompilerThread2" daemon [_thread_blocked, id=19459, stack(0x0000700000fc7000,0x00007000010c7000)]
  0x00007fc2fb82b800 JavaThread "C2 CompilerThread1" daemon [_thread_blocked, id=18947, stack(0x0000700000ec4000,0x0000700000fc4000)]
  0x00007fc2fc04d800 JavaThread "C2 CompilerThread0" daemon [_thread_blocked, id=18435, stack(0x0000700000dc1000,0x0000700000ec1000)]
  0x00007fc2fc04c800 JavaThread "JDWP Command Reader" daemon [_thread_in_native, id=17923, stack(0x0000700000cbe000,0x0000700000dbe000)]
  0x00007fc2fc836000 JavaThread "JDWP Event Helper Thread" daemon [_thread_blocked, id=17411, stack(0x0000700000bbb000,0x0000700000cbb000)]
=>0x00007fc2fd01b800 JavaThread "JDWP Transport Listener: dt_socket" daemon [_thread_in_vm, id=16899, stack(0x0000700000ab8000,0x0000700000bb8000)]
  0x00007fc2fc82d800 JavaThread "Signal Dispatcher" daemon [_thread_blocked, id=12815, stack(0x00007000009b5000,0x0000700000ab5000)]
  0x00007fc2fb820000 JavaThread "Finalizer" daemon [_thread_blocked, id=12291, stack(0x000070000082f000,0x000070000092f000)]
  0x00007fc2fb81f800 JavaThread "Reference Handler" daemon [_thread_blocked, id=11779, stack(0x000070000072c000,0x000070000082c000)]
  0x00007fc2fc009800 JavaThread "main" [_thread_blocked, id=5891, stack(0x000070000011a000,0x000070000021a000)]

Other Threads:
  0x00007fc2fb81d000 VMThread [stack: 0x0000700000629000,0x0000700000729000] [id=11267]
  0x00007fc2fd01d000 WatcherThread [stack: 0x00007000011cd000,0x00007000012cd000] [id=20483]

VM state:not at safepoint (normal execution)

VM Mutex/Monitor currently owned by a thread: None

Heap:
 PSYoungGen      total 35328K, used 33274K [0x00000007aab00000, 0x00000007ad000000, 0x00000007c0000000)
  eden space 32768K, 93% used [0x00000007aab00000,0x00000007ac8ff4c0,0x00000007acb00000)
  from space 2560K, 99% used [0x00000007acd80000,0x00000007acfff708,0x00000007ad000000)
  to   space 2560K, 0% used [0x00000007acb00000,0x00000007acb00000,0x00000007acd80000)
 ParOldGen       total 44032K, used 6493K [0x0000000780000000, 0x0000000782b00000, 0x00000007aab00000)
  object space 44032K, 14% used [0x0000000780000000,0x00000007806574f0,0x0000000782b00000)
 Metaspace       used 18470K, capacity 18676K, committed 18944K, reserved 1064960K
  class space    used 2379K, capacity 2454K, committed 2560K, reserved 1048576K

Card table byte_map: [0x00000001131c0000,0x00000001133c1000] byte_map_base: 0x000000010f5c0000

Marking Bits: (ParMarkBitMap*) 0x0000000102db57a0
 Begin Bits: [0x0000000113517000, 0x0000000114517000)
 End Bits:   [0x0000000114517000, 0x0000000115517000)

Polling page: 0x00000001034a3000

CodeCache: size=245760Kb used=4183Kb max_used=4216Kb free=241576Kb
 bounds [0x0000000103e00000, 0x0000000104230000, 0x0000000112e00000]
 total_blobs=1496 nmethods=1120 adapters=298
 compilation: enabled

Compilation events (10 events):
Event: 44.623 Thread 0x00007fc2fb82a800 nmethod 1124 0x0000000104208a90 code [0x0000000104208c00, 0x0000000104208eb0]
Event: 44.623 Thread 0x00007fc2fb82a800 1125       3       sun.misc.FDBigInteger::<init> (30 bytes)
Event: 44.624 Thread 0x00007fc2fb82a800 nmethod 1125 0x0000000104208610 code [0x0000000104208780, 0x00000001042089a8]
Event: 44.629 Thread 0x00007fc2fc04d800 1126       4       java.net.URLStreamHandler::setURL (40 bytes)
Event: 44.632 Thread 0x00007fc2fc04d800 nmethod 1126 0x0000000104215510 code [0x0000000104215660, 0x0000000104215a18]
Event: 44.759 Thread 0x00007fc2fb82b800 nmethod 1118 0x000000010421ae10 code [0x000000010421b1e0, 0x000000010421ec10]
Event: 224.410 Thread 0x00007fc2fb82a800 1128       3       java.util.concurrent.locks.AbstractQueuedSynchronizer::release (33 bytes)
Event: 224.411 Thread 0x00007fc2fb82a800 nmethod 1128 0x0000000104200410 code [0x00000001042005a0, 0x00000001042008d8]
Event: 224.411 Thread 0x00007fc2fb82a800 1129       3       java.util.concurrent.locks.ReentrantLock$Sync::tryRelease (45 bytes)
Event: 224.411 Thread 0x00007fc2fb82a800 nmethod 1129 0x0000000103f0ced0 code [0x0000000103f0d060, 0x0000000103f0d628]

GC Heap History (8 events):
Event: 43.293 GC heap before
{Heap before GC invocations=1 (full 0):
 PSYoungGen      total 18944K, used 16384K [0x00000007aab00000, 0x00000007ac000000, 0x00000007c0000000)
  eden space 16384K, 100% used [0x00000007aab00000,0x00000007abb00000,0x00000007abb00000)
  from space 2560K, 0% used [0x00000007abd80000,0x00000007abd80000,0x00000007ac000000)
  to   space 2560K, 0% used [0x00000007abb00000,0x00000007abb00000,0x00000007abd80000)
 ParOldGen       total 44032K, used 0K [0x0000000780000000, 0x0000000782b00000, 0x00000007aab00000)
  object space 44032K, 0% used [0x0000000780000000,0x0000000780000000,0x0000000782b00000)
 Metaspace       used 7089K, capacity 7274K, committed 7296K, reserved 1056768K
  class space    used 837K, capacity 893K, committed 896K, reserved 1048576K
Event: 43.298 GC heap after
Heap after GC invocations=1 (full 0):
 PSYoungGen      total 18944K, used 2557K [0x00000007aab00000, 0x00000007ac000000, 0x00000007c0000000)
  eden space 16384K, 0% used [0x00000007aab00000,0x00000007aab00000,0x00000007abb00000)
  from space 2560K, 99% used [0x00000007abb00000,0x00000007abd7f430,0x00000007abd80000)
  to   space 2560K, 0% used [0x00000007abd80000,0x00000007abd80000,0x00000007ac000000)
 ParOldGen       total 44032K, used 145K [0x0000000780000000, 0x0000000782b00000, 0x00000007aab00000)
  object space 44032K, 0% used [0x0000000780000000,0x00000007800245c0,0x0000000782b00000)
 Metaspace       used 7089K, capacity 7274K, committed 7296K, reserved 1056768K
  class space    used 837K, capacity 893K, committed 896K, reserved 1048576K
}
Event: 43.600 GC heap before
{Heap before GC invocations=2 (full 0):
 PSYoungGen      total 18944K, used 18941K [0x00000007aab00000, 0x00000007ac000000, 0x00000007c0000000)
  eden space 16384K, 100% used [0x00000007aab00000,0x00000007abb00000,0x00000007abb00000)
  from space 2560K, 99% used [0x00000007abb00000,0x00000007abd7f430,0x00000007abd80000)
  to   space 2560K, 0% used [0x00000007abd80000,0x00000007abd80000,0x00000007ac000000)
 ParOldGen       total 44032K, used 145K [0x0000000780000000, 0x0000000782b00000, 0x00000007aab00000)
  object space 44032K, 0% used [0x0000000780000000,0x00000007800245c0,0x0000000782b00000)
 Metaspace       used 9297K, capacity 9496K, committed 9728K, reserved 1058816K
  class space    used 1112K, capacity 1186K, committed 1280K, reserved 1048576K
Event: 43.611 GC heap after
Heap after GC invocations=2 (full 0):
 PSYoungGen      total 18944K, used 2545K [0x00000007aab00000, 0x00000007ad000000, 0x00000007c0000000)
  eden space 16384K, 0% used [0x00000007aab00000,0x00000007aab00000,0x00000007abb00000)
  from space 2560K, 99% used [0x00000007abd80000,0x00000007abffc5a8,0x00000007ac000000)
  to   space 2560K, 0% used [0x00000007abb00000,0x00000007abb00000,0x00000007abd80000)
 ParOldGen       total 44032K, used 1166K [0x0000000780000000, 0x0000000782b00000, 0x00000007aab00000)
  object space 44032K, 2% used [0x0000000780000000,0x0000000780123860,0x0000000782b00000)
 Metaspace       used 9297K, capacity 9496K, committed 9728K, reserved 1058816K
  class space    used 1112K, capacity 1186K, committed 1280K, reserved 1048576K
}
Event: 43.832 GC heap before
{Heap before GC invocations=3 (full 0):
 PSYoungGen      total 18944K, used 18929K [0x00000007aab00000, 0x00000007ad000000, 0x00000007c0000000)
  eden space 16384K, 100% used [0x00000007aab00000,0x00000007abb00000,0x00000007abb00000)
  from space 2560K, 99% used [0x00000007abd80000,0x00000007abffc5a8,0x00000007ac000000)
  to   space 2560K, 0% used [0x00000007abb00000,0x00000007abb00000,0x00000007abd80000)
 ParOldGen       total 44032K, used 1166K [0x0000000780000000, 0x0000000782b00000, 0x00000007aab00000)
  object space 44032K, 2% used [0x0000000780000000,0x0000000780123860,0x0000000782b00000)
 Metaspace       used 10927K, capacity 11146K, committed 11520K, reserved 1058816K
  class space    used 1322K, capacity 1415K, committed 1536K, reserved 1048576K
Event: 43.841 GC heap after
Heap after GC invocations=3 (full 0):
 PSYoungGen      total 18944K, used 2538K [0x00000007aab00000, 0x00000007ad000000, 0x00000007c0000000)
  eden space 16384K, 0% used [0x00000007aab00000,0x00000007aab00000,0x00000007abb00000)
  from space 2560K, 99% used [0x00000007abb00000,0x00000007abd7a9b0,0x00000007abd80000)
  to   space 2560K, 0% used [0x00000007acd80000,0x00000007acd80000,0x00000007ad000000)
 ParOldGen       total 44032K, used 4706K [0x0000000780000000, 0x0000000782b00000, 0x00000007aab00000)
  object space 44032K, 10% used [0x0000000780000000,0x0000000780498b70,0x0000000782b00000)
 Metaspace       used 10927K, capacity 11146K, committed 11520K, reserved 1058816K
  class space    used 1322K, capacity 1415K, committed 1536K, reserved 1048576K
}
Event: 44.076 GC heap before
{Heap before GC invocations=4 (full 0):
 PSYoungGen      total 18944K, used 18922K [0x00000007aab00000, 0x00000007ad000000, 0x00000007c0000000)
  eden space 16384K, 100% used [0x00000007aab00000,0x00000007abb00000,0x00000007abb00000)
  from space 2560K, 99% used [0x00000007abb00000,0x00000007abd7a9b0,0x00000007abd80000)
  to   space 2560K, 0% used [0x00000007acd80000,0x00000007acd80000,0x00000007ad000000)
 ParOldGen       total 44032K, used 4706K [0x0000000780000000, 0x0000000782b00000, 0x00000007aab00000)
  object space 44032K, 10% used [0x0000000780000000,0x0000000780498b70,0x0000000782b00000)
 Metaspace       used 14314K, capacity 14550K, committed 14848K, reserved 1062912K
  class space    used 1852K, capacity 1931K, committed 2048K, reserved 1048576K
Event: 44.082 GC heap after
Heap after GC invocations=4 (full 0):
 PSYoungGen      total 35328K, used 2557K [0x00000007aab00000, 0x00000007ad000000, 0x00000007c0000000)
  eden space 32768K, 0% used [0x00000007aab00000,0x00000007aab00000,0x00000007acb00000)
  from space 2560K, 99% used [0x00000007acd80000,0x00000007acfff708,0x00000007ad000000)
  to   space 2560K, 0% used [0x00000007acb00000,0x00000007acb00000,0x00000007acd80000)
 ParOldGen       total 44032K, used 6493K [0x0000000780000000, 0x0000000782b00000, 0x00000007aab00000)
  object space 44032K, 14% used [0x0000000780000000,0x00000007806574f0,0x0000000782b00000)
 Metaspace       used 14314K, capacity 14550K, committed 14848K, reserved 1062912K
  class space    used 1852K, capacity 1931K, committed 2048K, reserved 1048576K
}

Deoptimization events (9 events):
Event: 0.591 Thread 0x00007fc2fc009800 Uncommon trap: reason=unstable_if action=reinterpret pc=0x0000000103f238e0 method=java.lang.String.indexOf(II)I @ 49
Event: 43.686 Thread 0x00007fc2fc009800 Uncommon trap: reason=unstable_if action=reinterpret pc=0x00000001041278f0 method=java.lang.Character.isHighSurrogate(C)Z @ 3
Event: 43.686 Thread 0x00007fc2fc009800 Uncommon trap: reason=unstable_if action=reinterpret pc=0x0000000104101a9c method=java.util.regex.Pattern.isSupplementary(I)Z @ 3
Event: 44.330 Thread 0x00007fc2fc009800 Uncommon trap: reason=unstable_if action=reinterpret pc=0x0000000103feb0cc method=java.lang.String.startsWith(Ljava/lang/String;I)Z @ 25
Event: 44.333 Thread 0x00007fc2fc009800 Uncommon trap: reason=unstable_if action=reinterpret pc=0x0000000104165120 method=java.util.HashMap.hash(Ljava/lang/Object;)I @ 1
Event: 44.411 Thread 0x00007fc2fc009800 Uncommon trap: reason=unstable_if action=reinterpret pc=0x000000010419a780 method=java.lang.ClassLoader.checkName(Ljava/lang/String;)Z @ 20
Event: 44.411 Thread 0x00007fc2fc009800 Uncommon trap: reason=unstable_if action=reinterpret pc=0x0000000103fd9334 method=java.lang.String.replace(CC)Ljava/lang/String; @ 26
Event: 44.639 Thread 0x00007fc2fc009800 Uncommon trap: reason=unstable_if action=reinterpret pc=0x000000010413de64 method=java.lang.Character.isSurrogate(C)Z @ 3
Event: 44.639 Thread 0x00007fc2fc009800 Uncommon trap: reason=unstable_if action=reinterpret pc=0x000000010413d450 method=java.lang.Character.isSurrogate(C)Z @ 3

Internal exceptions (10 events):
Event: 43.006 Thread 0x00007fc2fc009800 Exception <a 'java/lang/ClassNotFoundException': org/apache/log4j/LayoutBeanInfo> (0x00000007ab4dfce8) thrown at [/Users/java_re/workspace/8-2-build-macosx-x86_64/jdk8u45/3457/hotspot/src/share/vm/classfile/systemDictionary.cpp, line 210]
Event: 43.007 Thread 0x00007fc2fc009800 Exception <a 'java/lang/ClassNotFoundException': java/lang/ObjectBeanInfo> (0x00000007ab4e6848) thrown at [/Users/java_re/workspace/8-2-build-macosx-x86_64/jdk8u45/3457/hotspot/src/share/vm/classfile/systemDictionary.cpp, line 210]
Event: 43.007 Thread 0x00007fc2fc009800 Exception <a 'java/lang/ClassNotFoundException': java/lang/ObjectCustomizer> (0x00000007ab4ed510) thrown at [/Users/java_re/workspace/8-2-build-macosx-x86_64/jdk8u45/3457/hotspot/src/share/vm/classfile/systemDictionary.cpp, line 210]
Event: 43.010 Thread 0x00007fc2fc009800 Exception <a 'java/lang/ArrayIndexOutOfBoundsException': 18> (0x00000007ab4efd38) thrown at [/Users/java_re/workspace/8-2-build-macosx-x86_64/jdk8u45/3457/hotspot/src/share/vm/interpreter/interpreterRuntime.cpp, line 366]
Event: 43.012 Thread 0x00007fc2fc009800 Exception <a 'java/lang/ArrayIndexOutOfBoundsException': 22> (0x00000007ab4f3138) thrown at [/Users/java_re/workspace/8-2-build-macosx-x86_64/jdk8u45/3457/hotspot/src/share/vm/interpreter/interpreterRuntime.cpp, line 366]
Event: 43.013 Thread 0x00007fc2fc009800 Exception <a 'java/lang/ArrayIndexOutOfBoundsException': 160> (0x00000007ab4f5460) thrown at [/Users/java_re/workspace/8-2-build-macosx-x86_64/jdk8u45/3457/hotspot/src/share/vm/interpreter/interpreterRuntime.cpp, line 366]
Event: 43.017 Thread 0x00007fc2fc009800 Exception <a 'java/lang/ClassNotFoundException': org/apache/log4j/LayoutCustomizer> (0x00000007ab506c70) thrown at [/Users/java_re/workspace/8-2-build-macosx-x86_64/jdk8u45/3457/hotspot/src/share/vm/classfile/systemDictionary.cpp, line 210]
Event: 43.022 Thread 0x00007fc2fc009800 Exception <a 'java/lang/ClassNotFoundException': org/apache/log4j/PatternLayoutCustomizer> (0x00000007ab52a920) thrown at [/Users/java_re/workspace/8-2-build-macosx-x86_64/jdk8u45/3457/hotspot/src/share/vm/classfile/systemDictionary.cpp, line 210]
Event: 43.105 Thread 0x00007fc2fc009800 Exception <a 'java/lang/NoSuchMethodError': java.lang.Object.lambda$codePoints$2()Ljava/util/Spliterator$OfInt;> (0x00000007ab731ae8) thrown at [/Users/java_re/workspace/8-2-build-macosx-x86_64/jdk8u45/3457/hotspot/src/share/vm/interpreter/linkResolver.cp
Event: 44.333 Thread 0x00007fc2fc009800 Implicit null exception at 0x00000001041646dd to 0x0000000104165111

Events (10 events):
Event: 224.411 Thread 0x00007fc2fb82a800 flushing nmethod 0x0000000103f01590
Event: 224.411 Thread 0x00007fc2fb82a800 flushing nmethod 0x0000000103f0a310
Event: 224.411 Thread 0x00007fc2fb82a800 flushing nmethod 0x0000000103f0cdd0
Event: 224.411 Thread 0x00007fc2fb82a800 flushing nmethod 0x0000000103f20850
Event: 224.411 Thread 0x00007fc2fb82a800 flushing nmethod 0x0000000103f22710
Event: 224.411 Thread 0x00007fc2fb82a800 flushing nmethod 0x0000000103f23610
Event: 224.411 Thread 0x00007fc2fb82a800 flushing nmethod 0x0000000103f3c010
Event: 224.411 Thread 0x00007fc2fb82a800 flushing nmethod 0x0000000103f3c850
Event: 237.539 Executing VM operation: RedefineClasses
Event: 237.608 Executing VM operation: RedefineClasses done


Dynamic libraries:
0x0000000000732000 	/System/Library/Frameworks/Cocoa.framework/Versions/A/Cocoa
0x0000000000732000 	/System/Library/Frameworks/Security.framework/Versions/A/Security
0x0000000000732000 	/System/Library/Frameworks/ApplicationServices.framework/Versions/A/ApplicationServices
0x0000000000732000 	/usr/lib/libz.1.dylib
0x0000000000732000 	/usr/lib/libSystem.B.dylib
0x0000000000732000 	/usr/lib/libobjc.A.dylib
0x0000000000732000 	/System/Library/Frameworks/CoreFoundation.framework/Versions/A/CoreFoundation
0x0000000000732000 	/System/Library/Frameworks/Foundation.framework/Versions/C/Foundation
0x0000000000732000 	/System/Library/Frameworks/AppKit.framework/Versions/C/AppKit
0x0000000000732000 	/System/Library/Frameworks/CoreData.framework/Versions/A/CoreData
0x0000000000732000 	/System/Library/PrivateFrameworks/RemoteViewServices.framework/Versions/A/RemoteViewServices
0x0000000000732000 	/System/Library/PrivateFrameworks/UIFoundation.framework/Versions/A/UIFoundation
0x0000000000732000 	/usr/lib/libScreenReader.dylib
0x0000000000732000 	/System/Library/Frameworks/Accelerate.framework/Versions/A/Accelerate
0x0000000000732000 	/System/Library/Frameworks/IOSurface.framework/Versions/A/IOSurface
0x0000000000732000 	/System/Library/Frameworks/AudioToolbox.framework/Versions/A/AudioToolbox
0x0000000000732000 	/System/Library/Frameworks/AudioUnit.framework/Versions/A/AudioUnit
0x0000000000732000 	/System/Library/PrivateFrameworks/DataDetectorsCore.framework/Versions/A/DataDetectorsCore
0x0000000000732000 	/System/Library/PrivateFrameworks/DesktopServicesPriv.framework/Versions/A/DesktopServicesPriv
0x0000000000732000 	/System/Library/Frameworks/Carbon.framework/Versions/A/Frameworks/HIToolbox.framework/Versions/A/HIToolbox
0x0000000000732000 	/System/Library/Frameworks/QuartzCore.framework/Versions/A/QuartzCore
0x0000000000732000 	/System/Library/Frameworks/Carbon.framework/Versions/A/Frameworks/SpeechRecognition.framework/Versions/A/SpeechRecognition
0x0000000000732000 	/usr/lib/libauto.dylib
0x0000000000732000 	/usr/lib/libicucore.A.dylib
0x0000000000732000 	/usr/lib/libxml2.2.dylib
0x0000000000732000 	/System/Library/PrivateFrameworks/CoreUI.framework/Versions/A/CoreUI
0x0000000000732000 	/System/Library/Frameworks/CoreAudio.framework/Versions/A/CoreAudio
0x0000000000732000 	/System/Library/Frameworks/DiskArbitration.framework/Versions/A/DiskArbitration
0x0000000000732000 	/usr/lib/liblangid.dylib
0x0000000000732000 	/System/Library/PrivateFrameworks/MultitouchSupport.framework/Versions/A/MultitouchSupport
0x0000000000732000 	/System/Library/Frameworks/IOKit.framework/Versions/A/IOKit
0x0000000000732000 	/usr/lib/libDiagnosticMessagesClient.dylib
0x0000000000732000 	/System/Library/Frameworks/CoreServices.framework/Versions/A/CoreServices
0x0000000000732000 	/System/Library/PrivateFrameworks/PerformanceAnalysis.framework/Versions/A/PerformanceAnalysis
0x0000000000732000 	/System/Library/PrivateFrameworks/GenerationalStorage.framework/Versions/A/GenerationalStorage
0x0000000000732000 	/System/Library/Frameworks/OpenGL.framework/Versions/A/OpenGL
0x0000000000732000 	/System/Library/PrivateFrameworks/Sharing.framework/Versions/A/Sharing
0x0000000000732000 	/System/Library/Frameworks/CoreGraphics.framework/Versions/A/CoreGraphics
0x0000000000732000 	/System/Library/Frameworks/CoreImage.framework/Versions/A/CoreImage
0x0000000000732000 	/System/Library/Frameworks/CoreText.framework/Versions/A/CoreText
0x0000000000732000 	/System/Library/Frameworks/ImageIO.framework/Versions/A/ImageIO
0x0000000000732000 	/System/Library/PrivateFrameworks/Backup.framework/Versions/A/Backup
0x0000000000732000 	/usr/lib/libextension.dylib
0x0000000000732000 	/usr/lib/libarchive.2.dylib
0x0000000000732000 	/System/Library/Frameworks/CFNetwork.framework/Versions/A/CFNetwork
0x0000000000732000 	/System/Library/Frameworks/SystemConfiguration.framework/Versions/A/SystemConfiguration
0x0000000000732000 	/usr/lib/libCRFSuite.dylib
0x0000000000732000 	/usr/lib/libc++.1.dylib
0x0000000000732000 	/usr/lib/libc++abi.dylib
0x0000000000732000 	/usr/lib/system/libcache.dylib
0x0000000000732000 	/usr/lib/system/libcommonCrypto.dylib
0x0000000000732000 	/usr/lib/system/libcompiler_rt.dylib
0x0000000000732000 	/usr/lib/system/libcopyfile.dylib
0x0000000000732000 	/usr/lib/system/libcorecrypto.dylib
0x0000000000732000 	/usr/lib/system/libdispatch.dylib
0x0000000000732000 	/usr/lib/system/libdyld.dylib
0x0000000000732000 	/usr/lib/system/libkeymgr.dylib
0x0000000000732000 	/usr/lib/system/liblaunch.dylib
0x0000000000732000 	/usr/lib/system/libmacho.dylib
0x0000000000732000 	/usr/lib/system/libquarantine.dylib
0x0000000000732000 	/usr/lib/system/libremovefile.dylib
0x0000000000732000 	/usr/lib/system/libsystem_asl.dylib
0x0000000000732000 	/usr/lib/system/libsystem_blocks.dylib
0x0000000000732000 	/usr/lib/system/libsystem_c.dylib
0x0000000000732000 	/usr/lib/system/libsystem_configuration.dylib
0x0000000000732000 	/usr/lib/system/libsystem_coreservices.dylib
0x0000000000732000 	/usr/lib/system/libsystem_coretls.dylib
0x0000000000732000 	/usr/lib/system/libsystem_dnssd.dylib
0x0000000000732000 	/usr/lib/system/libsystem_info.dylib
0x0000000000732000 	/usr/lib/system/libsystem_kernel.dylib
0x0000000000732000 	/usr/lib/system/libsystem_m.dylib
0x0000000000732000 	/usr/lib/system/libsystem_malloc.dylib
0x0000000000732000 	/usr/lib/system/libsystem_network.dylib
0x0000000000732000 	/usr/lib/system/libsystem_networkextension.dylib
0x0000000000732000 	/usr/lib/system/libsystem_notify.dylib
0x0000000000732000 	/usr/lib/system/libsystem_platform.dylib
0x0000000000732000 	/usr/lib/system/libsystem_pthread.dylib
0x0000000000732000 	/usr/lib/system/libsystem_sandbox.dylib
0x0000000000732000 	/usr/lib/system/libsystem_secinit.dylib
0x0000000000732000 	/usr/lib/system/libsystem_trace.dylib
0x0000000000732000 	/usr/lib/system/libunc.dylib
0x0000000000732000 	/usr/lib/system/libunwind.dylib
0x0000000000732000 	/usr/lib/system/libxpc.dylib
0x0000000000732000 	/usr/lib/libenergytrace.dylib
0x0000000000732000 	/usr/lib/libbsm.0.dylib
0x0000000000732000 	/usr/lib/system/libkxld.dylib
0x0000000000732000 	/usr/lib/libxar.1.dylib
0x0000000000732000 	/usr/lib/libsqlite3.dylib
0x0000000000732000 	/usr/lib/libpam.2.dylib
0x0000000000732000 	/usr/lib/libOpenScriptingUtil.dylib
0x0000000000732000 	/usr/lib/libbz2.1.0.dylib
0x0000000000732000 	/usr/lib/liblzma.5.dylib
0x0000000000732000 	/System/Library/Frameworks/CoreServices.framework/Versions/A/Frameworks/FSEvents.framework/Versions/A/FSEvents
0x0000000000732000 	/System/Library/Frameworks/CoreServices.framework/Versions/A/Frameworks/CarbonCore.framework/Versions/A/CarbonCore
0x0000000000732000 	/System/Library/Frameworks/CoreServices.framework/Versions/A/Frameworks/Metadata.framework/Versions/A/Metadata
0x0000000000732000 	/System/Library/Frameworks/CoreServices.framework/Versions/A/Frameworks/OSServices.framework/Versions/A/OSServices
0x0000000000732000 	/System/Library/Frameworks/CoreServices.framework/Versions/A/Frameworks/SearchKit.framework/Versions/A/SearchKit
0x0000000000732000 	/System/Library/Frameworks/CoreServices.framework/Versions/A/Frameworks/AE.framework/Versions/A/AE
0x0000000000732000 	/System/Library/Frameworks/CoreServices.framework/Versions/A/Frameworks/LaunchServices.framework/Versions/A/LaunchServices
0x0000000000732000 	/System/Library/Frameworks/CoreServices.framework/Versions/A/Frameworks/DictionaryServices.framework/Versions/A/DictionaryServices
0x0000000000732000 	/System/Library/Frameworks/CoreServices.framework/Versions/A/Frameworks/SharedFileList.framework/Versions/A/SharedFileList
0x0000000000732000 	/System/Library/Frameworks/NetFS.framework/Versions/A/NetFS
0x0000000000732000 	/System/Library/PrivateFrameworks/NetAuth.framework/Versions/A/NetAuth
0x0000000000732000 	/System/Library/PrivateFrameworks/login.framework/Versions/A/Frameworks/loginsupport.framework/Versions/A/loginsupport
0x0000000000732000 	/System/Library/PrivateFrameworks/TCC.framework/Versions/A/TCC
0x0000000000732000 	/usr/lib/libmecabra.dylib
0x0000000000732000 	/System/Library/Frameworks/ApplicationServices.framework/Versions/A/Frameworks/ATS.framework/Versions/A/ATS
0x0000000000732000 	/System/Library/Frameworks/ApplicationServices.framework/Versions/A/Frameworks/ColorSync.framework/Versions/A/ColorSync
0x0000000000732000 	/System/Library/Frameworks/ApplicationServices.framework/Versions/A/Frameworks/HIServices.framework/Versions/A/HIServices
0x0000000000732000 	/System/Library/Frameworks/ApplicationServices.framework/Versions/A/Frameworks/LangAnalysis.framework/Versions/A/LangAnalysis
0x0000000000732000 	/System/Library/Frameworks/ApplicationServices.framework/Versions/A/Frameworks/PrintCore.framework/Versions/A/PrintCore
0x0000000000732000 	/System/Library/Frameworks/ApplicationServices.framework/Versions/A/Frameworks/QD.framework/Versions/A/QD
0x0000000000732000 	/System/Library/Frameworks/ApplicationServices.framework/Versions/A/Frameworks/SpeechSynthesis.framework/Versions/A/SpeechSynthesis
0x0000000000732000 	/System/Library/Frameworks/Metal.framework/Versions/A/Metal
0x0000000000732000 	/System/Library/Frameworks/Accelerate.framework/Versions/A/Frameworks/vImage.framework/Versions/A/vImage
0x0000000000732000 	/System/Library/Frameworks/Accelerate.framework/Versions/A/Frameworks/vecLib.framework/Versions/A/vecLib
0x0000000000732000 	/System/Library/Frameworks/Accelerate.framework/Versions/A/Frameworks/vecLib.framework/Versions/A/libvDSP.dylib
0x0000000000732000 	/System/Library/Frameworks/Accelerate.framework/Versions/A/Frameworks/vecLib.framework/Versions/A/libvMisc.dylib
0x0000000000732000 	/System/Library/Frameworks/Accelerate.framework/Versions/A/Frameworks/vecLib.framework/Versions/A/libLAPACK.dylib
0x0000000000732000 	/System/Library/Frameworks/Accelerate.framework/Versions/A/Frameworks/vecLib.framework/Versions/A/libBLAS.dylib
0x0000000000732000 	/System/Library/Frameworks/Accelerate.framework/Versions/A/Frameworks/vecLib.framework/Versions/A/libLinearAlgebra.dylib
0x0000000000732000 	/System/Library/Frameworks/Accelerate.framework/Versions/A/Frameworks/vecLib.framework/Versions/A/libSparseBLAS.dylib
0x0000000000732000 	/System/Library/PrivateFrameworks/GPUCompiler.framework/libmetal_timestamp.dylib
0x0000000000732000 	/System/Library/Frameworks/OpenGL.framework/Versions/A/Libraries/libCoreFSCache.dylib
0x0000000000732000 	/System/Library/PrivateFrameworks/IOAccelerator.framework/Versions/A/IOAccelerator
0x0000000000732000 	/System/Library/Frameworks/ApplicationServices.framework/Versions/A/Frameworks/ATS.framework/Versions/A/Resources/libFontParser.dylib
0x0000000000732000 	/System/Library/Frameworks/ApplicationServices.framework/Versions/A/Frameworks/ATS.framework/Versions/A/Resources/libFontRegistry.dylib
0x0000000000732000 	/System/Library/PrivateFrameworks/AppleVPA.framework/Versions/A/AppleVPA
0x0000000000732000 	/System/Library/PrivateFrameworks/AppleJPEG.framework/Versions/A/AppleJPEG
0x0000000000732000 	/System/Library/Frameworks/ImageIO.framework/Versions/A/Resources/libJPEG.dylib
0x0000000000732000 	/System/Library/Frameworks/ImageIO.framework/Versions/A/Resources/libTIFF.dylib
0x0000000000732000 	/System/Library/Frameworks/ImageIO.framework/Versions/A/Resources/libPng.dylib
0x0000000000732000 	/System/Library/Frameworks/ImageIO.framework/Versions/A/Resources/libGIF.dylib
0x0000000000732000 	/System/Library/Frameworks/ImageIO.framework/Versions/A/Resources/libJP2.dylib
0x0000000000732000 	/System/Library/Frameworks/ImageIO.framework/Versions/A/Resources/libRadiance.dylib
0x0000000000732000 	/System/Library/Frameworks/CoreVideo.framework/Versions/A/CoreVideo
0x0000000000732000 	/System/Library/Frameworks/OpenGL.framework/Versions/A/Libraries/libGLU.dylib
0x0000000000732000 	/System/Library/Frameworks/OpenGL.framework/Versions/A/Libraries/libGFXShared.dylib
0x0000000000732000 	/System/Library/Frameworks/OpenGL.framework/Versions/A/Libraries/libGL.dylib
0x0000000000732000 	/System/Library/Frameworks/OpenGL.framework/Versions/A/Libraries/libGLImage.dylib
0x0000000000732000 	/System/Library/Frameworks/OpenGL.framework/Versions/A/Libraries/libCVMSPluginSupport.dylib
0x0000000000732000 	/System/Library/Frameworks/OpenGL.framework/Versions/A/Libraries/libCoreVMClient.dylib
0x0000000000732000 	/usr/lib/libcups.2.dylib
0x0000000000732000 	/System/Library/Frameworks/Kerberos.framework/Versions/A/Kerberos
0x0000000000732000 	/System/Library/Frameworks/GSS.framework/Versions/A/GSS
0x0000000000732000 	/usr/lib/libresolv.9.dylib
0x0000000000732000 	/usr/lib/libiconv.2.dylib
0x0000000000732000 	/System/Library/PrivateFrameworks/Heimdal.framework/Versions/A/Heimdal
0x0000000000732000 	/usr/lib/libheimdal-asn1.dylib
0x0000000000732000 	/System/Library/Frameworks/OpenDirectory.framework/Versions/A/OpenDirectory
0x0000000000732000 	/System/Library/PrivateFrameworks/CommonAuth.framework/Versions/A/CommonAuth
0x0000000000732000 	/System/Library/Frameworks/OpenDirectory.framework/Versions/A/Frameworks/CFOpenDirectory.framework/Versions/A/CFOpenDirectory
0x0000000000732000 	/System/Library/Frameworks/SecurityFoundation.framework/Versions/A/SecurityFoundation
0x0000000000732000 	/System/Library/PrivateFrameworks/LanguageModeling.framework/Versions/A/LanguageModeling
0x0000000000732000 	/usr/lib/libmarisa.dylib
0x0000000000732000 	/usr/lib/libChineseTokenizer.dylib
0x0000000000732000 	/usr/lib/libcmph.dylib
0x0000000000732000 	/usr/lib/libcompression.dylib
0x0000000000732000 	/System/Library/Frameworks/ServiceManagement.framework/Versions/A/ServiceManagement
0x0000000000732000 	/usr/lib/libxslt.1.dylib
0x0000000000732000 	/System/Library/Frameworks/Carbon.framework/Versions/A/Frameworks/Ink.framework/Versions/A/Ink
0x0000000000732000 	/usr/lib/libFosl_dynamic.dylib
0x0000000000732000 	/System/Library/PrivateFrameworks/FaceCore.framework/Versions/A/FaceCore
0x0000000000732000 	/System/Library/Frameworks/OpenCL.framework/Versions/A/OpenCL
0x0000000000732000 	/System/Library/PrivateFrameworks/CrashReporterSupport.framework/Versions/A/CrashReporterSupport
0x0000000000732000 	/System/Library/PrivateFrameworks/IconServices.framework/Versions/A/IconServices
0x0000000000732000 	/System/Library/PrivateFrameworks/Apple80211.framework/Versions/A/Apple80211
0x0000000000732000 	/System/Library/Frameworks/CoreWLAN.framework/Versions/A/CoreWLAN
0x0000000000732000 	/System/Library/Frameworks/IOBluetooth.framework/Versions/A/IOBluetooth
0x0000000000732000 	/System/Library/PrivateFrameworks/CoreWiFi.framework/Versions/A/CoreWiFi
0x0000000000732000 	/System/Library/Frameworks/CoreBluetooth.framework/Versions/A/CoreBluetooth
0x0000000000732000 	/System/Library/PrivateFrameworks/ChunkingLibrary.framework/Versions/A/ChunkingLibrary
0x0000000000732000 	/System/Library/PrivateFrameworks/DebugSymbols.framework/Versions/A/DebugSymbols
0x0000000000732000 	/System/Library/PrivateFrameworks/CoreSymbolication.framework/Versions/A/CoreSymbolication
0x0000000000732000 	/System/Library/PrivateFrameworks/Symbolication.framework/Versions/A/Symbolication
0x0000000000732000 	/System/Library/PrivateFrameworks/SpeechRecognitionCore.framework/Versions/A/SpeechRecognitionCore
0x00000001024f3000 	/Library/Java/JavaVirtualMachines/jdk1.8.0_45.jdk/Contents/Home/jre/lib/server/libjvm.dylib
0x0000000000732000 	/usr/lib/libstdc++.6.dylib
0x0000000103460000 	/Library/Java/JavaVirtualMachines/jdk1.8.0_45.jdk/Contents/Home/jre/lib/libverify.dylib
0x000000010346e000 	/Library/Java/JavaVirtualMachines/jdk1.8.0_45.jdk/Contents/Home/jre/lib/libjava.dylib
0x00000001034a4000 	/Library/Java/JavaVirtualMachines/jdk1.8.0_45.jdk/Contents/Home/jre/lib/libjdwp.dylib
0x00000001034ef000 	/Library/Java/JavaVirtualMachines/jdk1.8.0_45.jdk/Contents/Home/jre/lib/libnpt.dylib
0x00000001034fc000 	/Library/Java/JavaVirtualMachines/jdk1.8.0_45.jdk/Contents/Home/jre/lib/libzip.dylib
0x0000000117111000 	/System/Library/Frameworks/JavaVM.framework/Frameworks/JavaRuntimeSupport.framework/JavaRuntimeSupport
0x000000011712c000 	/System/Library/Frameworks/JavaVM.framework/Versions/A/Frameworks/JavaNativeFoundation.framework/Versions/A/JavaNativeFoundation
0x00000001035ee000 	/System/Library/Frameworks/JavaVM.framework/Versions/A/JavaVM
0x0000000000732000 	/System/Library/Frameworks/Carbon.framework/Versions/A/Carbon
0x0000000117141000 	/System/Library/PrivateFrameworks/JavaLaunching.framework/Versions/A/JavaLaunching
0x0000000000732000 	/System/Library/Frameworks/Carbon.framework/Versions/A/Frameworks/CommonPanels.framework/Versions/A/CommonPanels
0x0000000000732000 	/System/Library/Frameworks/Carbon.framework/Versions/A/Frameworks/Help.framework/Versions/A/Help
0x0000000000732000 	/System/Library/Frameworks/Carbon.framework/Versions/A/Frameworks/ImageCapture.framework/Versions/A/ImageCapture
0x0000000000732000 	/System/Library/Frameworks/Carbon.framework/Versions/A/Frameworks/OpenScripting.framework/Versions/A/OpenScripting
0x0000000000732000 	/System/Library/Frameworks/Carbon.framework/Versions/A/Frameworks/Print.framework/Versions/A/Print
0x0000000000732000 	/System/Library/Frameworks/Carbon.framework/Versions/A/Frameworks/SecurityHI.framework/Versions/A/SecurityHI
0x0000000118a5f000 	/Library/Java/JavaVirtualMachines/jdk1.8.0_45.jdk/Contents/Home/jre/lib/libdt_socket.dylib
0x0000000119026000 	/Library/Java/JavaVirtualMachines/jdk1.8.0_45.jdk/Contents/Home/jre/lib/libnio.dylib
0x0000000119036000 	/Library/Java/JavaVirtualMachines/jdk1.8.0_45.jdk/Contents/Home/jre/lib/./libnet.dylib
0x000000011930a000 	/Library/Java/JavaVirtualMachines/jdk1.8.0_45.jdk/Contents/Home/jre/lib/libmanagement.dylib

VM Arguments:
jvm_args: -agentlib:jdwp=transport=dt_socket,suspend=y,address=localhost:53523 -Dfile.encoding=UTF-8 
java_command: com.hdm.semrep.rest.impl.Example01
java_class_path (initial): /Users/mateos_alliaj/Documents/github/SemantischeRepresentation/Java/RestExample/war/WEB-INF/classes:/Applications/eclipse/plugins/com.google.appengine.eclipse.sdkbundle_1.9.18/appengine-java-sdk-1.9.18/lib/shared/appengine-local-runtime-shared.jar:/Applications/eclipse/plugins/com.google.appengine.eclipse.sdkbundle_1.9.18/appengine-java-sdk-1.9.18/lib/shared/el-api.jar:/Applications/eclipse/plugins/com.google.appengine.eclipse.sdkbundle_1.9.18/appengine-java-sdk-1.9.18/lib/shared/jsp/repackaged-appengine-ant-1.7.1.jar:/Applications/eclipse/plugins/com.google.appengine.eclipse.sdkbundle_1.9.18/appengine-java-sdk-1.9.18/lib/shared/jsp/repackaged-appengine-ant-launcher-1.7.1.jar:/Applications/eclipse/plugins/com.google.appengine.eclipse.sdkbundle_1.9.18/appengine-java-sdk-1.9.18/lib/shared/jsp/repackaged-appengine-jasper-6.0.29.jar:/Applications/eclipse/plugins/com.google.appengine.eclipse.sdkbundle_1.9.18/appengine-java-sdk-1.9.18/lib/shared/jsp/repackaged-appengine-jasper-el-6.0.29.jar:/Applications/eclipse/plugins/com.google.appengine.eclipse.sdkbundle_1.9.18/appengine-java-sdk-1.9.18/lib/shared/jsp/repackaged-appengine-tomcat-juli-6.0.29.jar:/Applications/eclipse/plugins/com.google.appengine.eclipse.sdkbundle_1.9.18/appengine-java-sdk-1.9.18/lib/shared/jsp-api.jar:/Applications/eclipse/plugins/com.google.appengine.eclipse.sdkbundle_1.9.18/appengine-java-sdk-1.9.18/lib/shared/servlet-api.jar:/Applications/eclipse/plugins/com.google.appengine.eclipse.sdkbundle_1.9.18/appengine-java-sdk-1.9.18/lib/appengine-tools-api.jar:/Applications/eclipse/plugins/com.google.appengine.eclipse.sdkbundle_1.9.18/appengine-java-sdk-1.9.18/lib/opt/user/appengine-api-labs/v1/appengine-api-labs.jar:/Applications/eclipse/plugins/com.google.appengine.eclipse.sdkbundle_1.9.18/appengine-java-sdk-1.9.18/lib/opt/user/appengine-endpoints/v1/appengine-endpoints-deps.jar:/Applications/eclipse/plugins/com.google.appengine.eclipse.sdkbundle_1.9.18/appengine-java-sdk-1.9
Launcher Type: SUN_STANDARD

Environment Variables:
PATH=/usr/bin:/bin:/usr/sbin:/sbin
SHELL=/bin/bash

Signal Handlers:
SIGSEGV: [libjvm.dylib+0x58ef95], sa_mask[0]=11111111011111110111111111111111, sa_flags=SA_ONSTACK|SA_RESTART|SA_SIGINFO
SIGBUS: [libjvm.dylib+0x58ef95], sa_mask[0]=11111111011111110111111111111111, sa_flags=SA_RESTART|SA_SIGINFO
SIGFPE: [libjvm.dylib+0x46c108], sa_mask[0]=11111111011111110111111111111111, sa_flags=SA_RESTART|SA_SIGINFO
SIGPIPE: [libjvm.dylib+0x46c108], sa_mask[0]=11111111011111110111111111111111, sa_flags=SA_RESTART|SA_SIGINFO
SIGXFSZ: [libjvm.dylib+0x46c108], sa_mask[0]=11111111011111110111111111111111, sa_flags=SA_RESTART|SA_SIGINFO
SIGILL: [libjvm.dylib+0x46c108], sa_mask[0]=11111111011111110111111111111111, sa_flags=SA_RESTART|SA_SIGINFO
SIGUSR1: SIG_DFL, sa_mask[0]=00000000000000000000000000000000, sa_flags=none
SIGUSR2: [libjvm.dylib+0x46bc26], sa_mask[0]=00100000000000000000000000000000, sa_flags=SA_RESTART|SA_SIGINFO
SIGHUP: [libjvm.dylib+0x46a1f9], sa_mask[0]=11111111011111110111111111111111, sa_flags=SA_RESTART|SA_SIGINFO
SIGINT: [libjvm.dylib+0x46a1f9], sa_mask[0]=11111111011111110111111111111111, sa_flags=SA_RESTART|SA_SIGINFO
SIGTERM: [libjvm.dylib+0x46a1f9], sa_mask[0]=11111111011111110111111111111111, sa_flags=SA_RESTART|SA_SIGINFO
SIGQUIT: [libjvm.dylib+0x46a1f9], sa_mask[0]=11111111011111110111111111111111, sa_flags=SA_RESTART|SA_SIGINFO


---------------  S Y S T E M  ---------------

OS:Bsduname:Darwin 15.4.0 Darwin Kernel Version 15.4.0: Fri Feb 26 22:08:05 PST 2016; root:xnu-3248.40.184~3/RELEASE_X86_64 x86_64
rlimit: STACK 8192k, CORE 0k, NPROC 709, NOFILE 10240, AS infinity
load average:1.82 1.89 1.90

CPU:total 4 (2 cores per cpu, 2 threads per core) family 6 model 58 stepping 9, cmov, cx8, fxsr, mmx, sse, sse2, sse3, ssse3, sse4.1, sse4.2, popcnt, avx, aes, clmul, erms, ht, tsc, tscinvbit, tscinv

Memory: 4k page, physical 4194304k(17024k free)

/proc/meminfo:


vm_info: Java HotSpot(TM) 64-Bit Server VM (25.45-b02) for bsd-amd64 JRE (1.8.0_45-b14), built on Apr 10 2015 10:46:38 by "java_re" with gcc 4.2.1 (Based on Apple Inc. build 5658) (LLVM build 2336.11.00)

time: Wed Jan 11 15:49:03 2017
elapsed time: 237 seconds (0d 0h 3m 57s)

